build/app/intermediates/manifest_merge_blame_file/debug/manifest-merger-blame-debug-report.txt
1<?xml version="1.0" encoding="utf-8"?>
2<manifest xmlns:android="http://schemas.android.com/apk/res/android"
3    package="com.hacjy.flutter_fast_template"
4    android:versionCode="1"
5    android:versionName="1.0.0" >
6
7    <uses-sdk
8        android:minSdkVersion="17"
9        android:targetSdkVersion="30" />
10    <!--
11         Flutter needs it to communicate with the running application
12         to allow setting breakpoints, to provide hot reload, etc.
13    -->
14    <uses-permission android:name="android.permission.INTERNET" />
14-->src/main/AndroidManifest.xml:5:5-67
14-->src/main/AndroidManifest.xml:5:22-64
15    <uses-permission android:name="android.permission.WRITE_EXTERNAL_STORAGE" />
15-->src/main/AndroidManifest.xml:6:5-81
15-->src/main/AndroidManifest.xml:6:22-78
16    <uses-permission android:name="android.permission.READ_EXTERNAL_STORAGE" />
16-->src/main/AndroidManifest.xml:7:5-80
16-->src/main/AndroidManifest.xml:7:22-77
17    <uses-permission android:name="android.permission.ACCESS_COARSE_LOCATION" />
17-->src/main/AndroidManifest.xml:8:5-81
17-->src/main/AndroidManifest.xml:8:22-78
18    <uses-permission android:name="android.permission.ACCESS_NETWORK_STATE" />
18-->src/main/AndroidManifest.xml:9:5-79
18-->src/main/AndroidManifest.xml:9:22-76
19    <uses-permission android:name="android.permission.ACCESS_FINE_LOCATION" />
19-->src/main/AndroidManifest.xml:10:5-79
19-->src/main/AndroidManifest.xml:10:22-76
20    <uses-permission android:name="android.permission.READ_PHONE_STATE" />
20-->src/main/AndroidManifest.xml:11:5-75
20-->src/main/AndroidManifest.xml:11:22-72
21    <uses-permission android:name="android.permission.CHANGE_WIFI_STATE" />
21-->src/main/AndroidManifest.xml:12:5-76
21-->src/main/AndroidManifest.xml:12:22-73
22    <uses-permission android:name="android.permission.ACCESS_WIFI_STATE" />
22-->src/main/AndroidManifest.xml:13:5-76
22-->src/main/AndroidManifest.xml:13:22-73
23    <uses-permission android:name="android.permission.WAKE_LOCK" />
23-->src/main/AndroidManifest.xml:14:5-68
23-->src/main/AndroidManifest.xml:14:22-65
24    <uses-permission android:name="com.huawei.android.launcher.permission.CHANGE_BADGE" />
24-->src/main/AndroidManifest.xml:15:5-90
24-->src/main/AndroidManifest.xml:15:22-88
25    <uses-permission android:name="com.sec.android.provider.badge.permission.READ" />
25-->src/main/AndroidManifest.xml:16:5-86
25-->src/main/AndroidManifest.xml:16:22-83
26    <uses-permission android:name="com.sec.android.provider.badge.permission.WRITE" />
26-->src/main/AndroidManifest.xml:17:5-87
26-->src/main/AndroidManifest.xml:17:22-84
27    <uses-permission android:name="android.permission.RECORD_AUDIO" />
27-->src/main/AndroidManifest.xml:19:5-71
27-->src/main/AndroidManifest.xml:19:22-68
28    <uses-permission android:name="android.permission.CAMERA" />
28-->src/main/AndroidManifest.xml:20:5-65
28-->src/main/AndroidManifest.xml:20:22-62
29    <uses-permission android:name="android.permission.MODIFY_AUDIO_SETTINGS" /> <!-- The Agora SDK requires Bluetooth permissions in case users are using Bluetooth devices. -->
29-->src/main/AndroidManifest.xml:21:5-80
29-->src/main/AndroidManifest.xml:21:22-77
30    <uses-permission android:name="android.permission.BLUETOOTH" /> <!-- Required -->
30-->src/main/AndroidManifest.xml:24:5-68
30-->src/main/AndroidManifest.xml:24:22-65
31    <uses-permission android:name="app.cfph.com.permission.JPUSH_MESSAGE" />
31-->src/main/AndroidManifest.xml:27:5-77
31-->src/main/AndroidManifest.xml:27:22-74
32    <uses-permission android:name="android.permission.RECEIVE_USER_PRESENT" />
32-->src/main/AndroidManifest.xml:28:5-79
32-->src/main/AndroidManifest.xml:28:22-76
33    <uses-permission android:name="android.permission.READ_EXTERNAL_STORAGE" />
33-->src/main/AndroidManifest.xml:7:5-80
33-->src/main/AndroidManifest.xml:7:22-77
34    <uses-permission android:name="android.permission.MOUNT_UNMOUNT_FILESYSTEMS" /> <!-- Optional. Required for location feature -->
34-->src/main/AndroidManifest.xml:30:5-84
34-->src/main/AndroidManifest.xml:30:22-81
35    <uses-permission android:name="android.permission.ACCESS_BACKGROUND_LOCATION" />
35-->src/main/AndroidManifest.xml:33:5-85
35-->src/main/AndroidManifest.xml:33:22-82
36    <uses-permission android:name="android.permission.SYSTEM_ALERT_WINDOW" /> <!-- 用于开启 debug 版本的应用在 6.0 系统上的层叠窗口权限 -->
36-->src/main/AndroidManifest.xml:34:5-78
36-->src/main/AndroidManifest.xml:34:22-75
37    <uses-permission android:name="android.permission.ACCESS_LOCATION_EXTRA_COMMANDS" />
37-->src/main/AndroidManifest.xml:35:5-89
37-->src/main/AndroidManifest.xml:35:22-86
38    <uses-permission android:name="android.permission.CHANGE_NETWORK_STATE" />
38-->src/main/AndroidManifest.xml:36:5-79
38-->src/main/AndroidManifest.xml:36:22-76
39    <uses-permission android:name="android.permission.GET_TASKS" />
39-->src/main/AndroidManifest.xml:37:5-68
39-->src/main/AndroidManifest.xml:37:22-65
40    <uses-permission android:name="android.permission.VIBRATE" />
40-->src/main/AndroidManifest.xml:38:5-66
40-->src/main/AndroidManifest.xml:38:22-63
41    <uses-permission android:name="com.huawei.android.launcher.permission.CHANGE_BADGE " />
41-->[:jpush_flutter] AndroidManifest.xml:7:5-92
41-->[:jpush_flutter] AndroidManifest.xml:7:22-89
42    <uses-permission android:name="android.permission.ACCESS_MEDIA_LOCATION" />
42-->[:photo_manager] AndroidManifest.xml:9:5-80
42-->[:photo_manager] AndroidManifest.xml:9:22-77
43    <uses-permission android:name="android.permission.RECEIVE_BOOT_COMPLETED" /> <!-- Required -->
43-->[com.tencent.imsdk:imsdk:5.1.50] AndroidManifest.xml:11:5-81
43-->[com.tencent.imsdk:imsdk:5.1.50] AndroidManifest.xml:11:22-78
44    <permission
44-->[cn.jiguang.sdk:jpush:3.8.0] AndroidManifest.xml:12:5-14:47
45        android:name="com.hacjy.flutter_fast_template.permission.JPUSH_MESSAGE"
45-->[cn.jiguang.sdk:jpush:3.8.0] AndroidManifest.xml:13:9-65
46        android:protectionLevel="signature" /> <!-- Required  一些系统要求的权限，如访问网络等 -->
46-->[cn.jiguang.sdk:jpush:3.8.0] AndroidManifest.xml:14:9-44
47    <uses-permission android:name="com.hacjy.flutter_fast_template.permission.JPUSH_MESSAGE" />
47-->[cn.jiguang.sdk:jpush:3.8.0] AndroidManifest.xml:17:5-81
47-->[cn.jiguang.sdk:jpush:3.8.0] AndroidManifest.xml:17:22-78
48    <uses-permission android:name="android.permission.WRITE_SETTINGS" />
48-->[cn.jiguang.sdk:jpush:3.8.0] AndroidManifest.xml:23:5-73
48-->[cn.jiguang.sdk:jpush:3.8.0] AndroidManifest.xml:23:22-70
49    <uses-permission android:name="android.permission.QUERY_ALL_PACKAGES" />
49-->[cn.jiguang.sdk:jpush:3.8.0] AndroidManifest.xml:41:5-77
49-->[cn.jiguang.sdk:jpush:3.8.0] AndroidManifest.xml:41:22-74
50
51    <supports-screens
51-->[:alipaysdk-noutdid-15.8.01.201215151847:] AndroidManifest.xml:12:5-17:39
52        android:anyDensity="true"
52-->[:alipaysdk-noutdid-15.8.01.201215151847:] AndroidManifest.xml:13:9-34
53        android:largeScreens="true"
53-->[:alipaysdk-noutdid-15.8.01.201215151847:] AndroidManifest.xml:14:9-36
54        android:normalScreens="true"
54-->[:alipaysdk-noutdid-15.8.01.201215151847:] AndroidManifest.xml:15:9-37
55        android:resizeable="true"
55-->[:alipaysdk-noutdid-15.8.01.201215151847:] AndroidManifest.xml:16:9-34
56        android:smallScreens="true" />
56-->[:alipaysdk-noutdid-15.8.01.201215151847:] AndroidManifest.xml:17:9-36
57
58    <uses-permission android:name="android.permission.REQUEST_INSTALL_PACKAGES" />
58-->[com.tencent.bugly:crashreport_upgrade:1.5.0] AndroidManifest.xml:14:5-83
58-->[com.tencent.bugly:crashreport_upgrade:1.5.0] AndroidManifest.xml:14:22-80
59
60    <application
60-->src/main/AndroidManifest.xml:41:5-103:19
61        android:name="com.hacjy.flutter_fast_template.MyApplication"
61-->src/main/AndroidManifest.xml:43:9-38
62        android:appComponentFactory="androidx.core.app.CoreComponentFactory"
62-->[androidx.core:core:1.6.0-beta02] AndroidManifest.xml:24:18-86
63        android:debuggable="true"
64        android:icon="@drawable/launch_background"
64-->src/main/AndroidManifest.xml:45:9-51
65        android:label="@string/app_name"
65-->src/main/AndroidManifest.xml:44:9-41
66        android:networkSecurityConfig="@xml/network_security_config"
66-->src/main/AndroidManifest.xml:46:9-69
67        android:supportsRtl="true"
67-->[com.tencent.imsdk:imsdk:5.1.50] AndroidManifest.xml:18:9-35
68        android:usesCleartextTraffic="true" >
68-->src/main/AndroidManifest.xml:42:9-44
69
70        <!--
71             Don't delete the meta-data below.
72             This is used by the Flutter tool to generate GeneratedPluginRegistrant.java
73        -->
74
75        <activity
75-->src/main/AndroidManifest.xml:50:9-86:20
76            android:name="com.hacjy.flutter_fast_template.ui.MainActivity"
76-->src/main/AndroidManifest.xml:51:13-44
77            android:configChanges="orientation|keyboardHidden|keyboard|screenSize|locale|layoutDirection|fontScale|screenLayout|density|uiMode"
77-->src/main/AndroidManifest.xml:52:13-144
78            android:hardwareAccelerated="true"
78-->src/main/AndroidManifest.xml:53:13-47
79            android:launchMode="singleTop"
79-->src/main/AndroidManifest.xml:54:13-43
80            android:theme="@style/LaunchTheme"
80-->src/main/AndroidManifest.xml:55:13-47
81            android:windowSoftInputMode="adjustResize" >
81-->src/main/AndroidManifest.xml:56:13-55
82
83            <!--
84                 This keeps the window background of the activity showing
85                 until Flutter renders its first frame. It can be removed if
86                 there is no splash screen (such as the default splash screen
87                 defined in @style/LaunchTheme).
88            -->
89
90            <intent-filter>
90-->src/main/AndroidManifest.xml:65:13-68:29
91                <action android:name="android.intent.action.MAIN" />
91-->src/main/AndroidManifest.xml:66:17-69
91-->src/main/AndroidManifest.xml:66:25-66
92
93                <category android:name="android.intent.category.LAUNCHER" />
93-->src/main/AndroidManifest.xml:67:17-77
93-->src/main/AndroidManifest.xml:67:27-74
94            </intent-filter>
95            <intent-filter>
95-->src/main/AndroidManifest.xml:70:13-75:29
96
97                <!-- 支付宝身份认证协议部分 -->
98                <data
98-->src/main/AndroidManifest.xml:72:17-74:46
99                    android:host="health.faceback"
99-->src/main/AndroidManifest.xml:73:21-51
100                    android:scheme="czfph" />
100-->src/main/AndroidManifest.xml:74:21-43
101            </intent-filter>
102
103            <meta-data
103-->src/main/AndroidManifest.xml:77:13-79:40
104                android:name="io.flutter.app.android.SplashScreenUntilFirstFrame"
104-->src/main/AndroidManifest.xml:78:17-82
105                android:value="true" />
105-->src/main/AndroidManifest.xml:79:17-37
106            <meta-data
106-->src/main/AndroidManifest.xml:80:13-82:66
107                android:name="io.flutter.embedding.android.DrawableSplashScreen"
107-->src/main/AndroidManifest.xml:81:17-81
108                android:resource="@drawable/launch_background" />
108-->src/main/AndroidManifest.xml:82:17-63
109            <meta-data
109-->src/main/AndroidManifest.xml:83:13-85:66
110                android:name="io.flutter.embedding.android.SplashScreenDrawable"
110-->src/main/AndroidManifest.xml:84:17-81
111                android:resource="@drawable/launch_background" />
111-->src/main/AndroidManifest.xml:85:17-63
112        </activity>
113
114        <meta-data
114-->src/main/AndroidManifest.xml:88:9-90:33
115            android:name="flutterEmbedding"
115-->src/main/AndroidManifest.xml:89:13-44
116            android:value="2" />
116-->src/main/AndroidManifest.xml:90:13-30
117
118        <activity
118-->src/main/AndroidManifest.xml:92:9-102:20
119            android:name="com.hacjy.flutter_fast_template.wxapi.WXEntryActivity"
119-->src/main/AndroidManifest.xml:93:13-81
120            android:exported="true"
120-->src/main/AndroidManifest.xml:94:13-36
121            android:launchMode="singleTop"
121-->src/main/AndroidManifest.xml:96:13-43
122            android:screenOrientation="portrait" >
122-->src/main/AndroidManifest.xml:95:13-49
123            <intent-filter>
123-->src/main/AndroidManifest.xml:97:13-101:29
124                <action android:name="android.intent.action.VIEW" />
124-->src/main/AndroidManifest.xml:98:17-69
124-->src/main/AndroidManifest.xml:98:25-66
125
126                <category android:name="android.intent.category.DEFAULT" />
126-->src/main/AndroidManifest.xml:99:17-76
126-->src/main/AndroidManifest.xml:99:27-73
127
128                <data android:scheme="" />
128-->src/main/AndroidManifest.xml:72:17-74:46
128-->src/main/AndroidManifest.xml:74:21-43
129            </intent-filter>
130        </activity>
131        <activity
131-->[:fluwx] AndroidManifest.xml:13:9-17:58
132            android:name="com.jarvan.fluwx.wxapi.FluwxWXEntryActivity"
132-->[:fluwx] AndroidManifest.xml:14:13-71
133            android:launchMode="singleTask"
133-->[:fluwx] AndroidManifest.xml:15:13-44
134            android:taskAffinity="com.hacjy.flutter_fast_template"
134-->[:fluwx] AndroidManifest.xml:16:13-52
135            android:theme="@style/DisablePreviewTheme" />
135-->[:fluwx] AndroidManifest.xml:17:13-55
136
137        <activity-alias
137-->[:fluwx] AndroidManifest.xml:33:9-47:26
138            android:name="com.hacjy.flutter_fast_template.wxapi.WXEntryActivity"
138-->[:fluwx] AndroidManifest.xml:34:13-66
139            android:exported="true"
139-->[:fluwx] AndroidManifest.xml:35:13-36
140            android:launchMode="singleTop"
140-->[:fluwx] AndroidManifest.xml:36:13-43
141            android:targetActivity="com.jarvan.fluwx.wxapi.FluwxWXEntryActivity"
141-->[:fluwx] AndroidManifest.xml:37:13-81
142            android:taskAffinity="com.hacjy.flutter_fast_template"
142-->[:fluwx] AndroidManifest.xml:38:13-52
143            android:theme="@style/DisablePreviewTheme" >
143-->[:fluwx] AndroidManifest.xml:39:13-55
144            <intent-filter>
144-->[:fluwx] AndroidManifest.xml:25:13-31:29
145                <action android:name="android.intent.action.VIEW" />
145-->src/main/AndroidManifest.xml:98:17-69
145-->src/main/AndroidManifest.xml:98:25-66
146
147                <category android:name="android.intent.category.DEFAULT" />
147-->src/main/AndroidManifest.xml:99:17-76
147-->src/main/AndroidManifest.xml:99:27-73
148
149                <data android:scheme="sdksample" />
149-->src/main/AndroidManifest.xml:72:17-74:46
149-->src/main/AndroidManifest.xml:74:21-43
150            </intent-filter>
151        </activity-alias>
152        <activity-alias
152-->[:fluwx] AndroidManifest.xml:19:9-32:26
153            android:name="com.hacjy.flutter_fast_template.wxapi.WXPayEntryActivity"
153-->[:fluwx] AndroidManifest.xml:20:13-69
154            android:exported="true"
154-->[:fluwx] AndroidManifest.xml:21:13-36
155            android:launchMode="singleInstance"
155-->[:fluwx] AndroidManifest.xml:22:13-48
156            android:targetActivity="com.jarvan.fluwx.wxapi.FluwxWXEntryActivity"
156-->[:fluwx] AndroidManifest.xml:23:13-81
157            android:theme="@style/DisablePreviewTheme" >
157-->[:fluwx] AndroidManifest.xml:24:13-55
158            <intent-filter>
158-->[:fluwx] AndroidManifest.xml:25:13-31:29
159                <action android:name="android.intent.action.VIEW" />
159-->src/main/AndroidManifest.xml:98:17-69
159-->src/main/AndroidManifest.xml:98:25-66
160
161                <category android:name="android.intent.category.DEFAULT" />
161-->src/main/AndroidManifest.xml:99:17-76
161-->src/main/AndroidManifest.xml:99:27-73
162
163                <data android:scheme="sdksample" />
163-->src/main/AndroidManifest.xml:72:17-74:46
163-->src/main/AndroidManifest.xml:74:21-43
164            </intent-filter>
165        </activity-alias>
166
167        <provider
167-->[:fluwx] AndroidManifest.xml:49:9-57:20
168            android:name="com.jarvan.fluwx.FluwxFileProvider"
168-->[:fluwx] AndroidManifest.xml:50:13-62
169            android:authorities="com.hacjy.flutter_fast_template.fluwxprovider"
169-->[:fluwx] AndroidManifest.xml:51:13-65
170            android:exported="false"
170-->[:fluwx] AndroidManifest.xml:52:13-37
171            android:grantUriPermissions="true" >
171-->[:fluwx] AndroidManifest.xml:53:13-47
172            <meta-data
172-->[:fluwx] AndroidManifest.xml:54:13-56:69
173                android:name="android.support.FILE_PROVIDER_PATHS"
173-->[:fluwx] AndroidManifest.xml:55:17-67
174                android:resource="@xml/fluwx_file_provider_paths" />
174-->[:fluwx] AndroidManifest.xml:56:17-66
175        </provider>
176        <provider
176-->[:image_picker] AndroidManifest.xml:8:9-16:20
177            android:name="io.flutter.plugins.imagepicker.ImagePickerFileProvider"
177-->[:image_picker] AndroidManifest.xml:9:13-82
178            android:authorities="com.hacjy.flutter_fast_template.flutter.image_provider"
178-->[:image_picker] AndroidManifest.xml:10:13-74
179            android:exported="false"
179-->[:image_picker] AndroidManifest.xml:11:13-37
180            android:grantUriPermissions="true" >
180-->[:image_picker] AndroidManifest.xml:12:13-47
181            <meta-data
181-->[:fluwx] AndroidManifest.xml:54:13-56:69
182                android:name="android.support.FILE_PROVIDER_PATHS"
182-->[:fluwx] AndroidManifest.xml:55:17-67
183                android:resource="@xml/flutter_image_picker_file_paths" />
183-->[:fluwx] AndroidManifest.xml:56:17-66
184        </provider>
185
186        <receiver
186-->[:jpush_flutter] AndroidManifest.xml:10:9-24:20
187            android:name="com.jiguang.jpush.JPushPlugin$JPushReceiver"
187-->[:jpush_flutter] AndroidManifest.xml:11:13-71
188            android:enabled="true"
188-->[:jpush_flutter] AndroidManifest.xml:12:13-35
189            android:exported="false" >
189-->[:jpush_flutter] AndroidManifest.xml:13:13-37
190            <intent-filter>
190-->[:jpush_flutter] AndroidManifest.xml:14:13-23:29
191                <action android:name="cn.jpush.android.intent.REGISTRATION" />
191-->[:jpush_flutter] AndroidManifest.xml:15:17-79
191-->[:jpush_flutter] AndroidManifest.xml:15:25-76
192                <action android:name="cn.jpush.android.intent.MESSAGE_RECEIVED" />
192-->[:jpush_flutter] AndroidManifest.xml:16:17-83
192-->[:jpush_flutter] AndroidManifest.xml:16:25-80
193                <action android:name="cn.jpush.android.intent.NOTIFICATION_RECEIVED" />
193-->[:jpush_flutter] AndroidManifest.xml:17:17-88
193-->[:jpush_flutter] AndroidManifest.xml:17:25-85
194                <action android:name="cn.jpush.android.intent.NOTIFICATION_OPENED" />
194-->[:jpush_flutter] AndroidManifest.xml:18:17-86
194-->[:jpush_flutter] AndroidManifest.xml:18:25-83
195                <action android:name="cn.jpush.android.intent.NOTIFICATION_CLICK_ACTION" />
195-->[:jpush_flutter] AndroidManifest.xml:19:17-92
195-->[:jpush_flutter] AndroidManifest.xml:19:25-89
196                <action android:name="cn.jpush.android.intent.CONNECTION" />
196-->[:jpush_flutter] AndroidManifest.xml:20:17-77
196-->[:jpush_flutter] AndroidManifest.xml:20:25-74
197
198                <category android:name="com.hacjy.flutter_fast_template" />
198-->[:jpush_flutter] AndroidManifest.xml:22:17-61
198-->[:jpush_flutter] AndroidManifest.xml:22:27-58
199            </intent-filter>
200        </receiver>
201        <receiver android:name="com.jiguang.jpush.JPushEventReceiver" >
201-->[:jpush_flutter] AndroidManifest.xml:25:9-31:20
201-->[:jpush_flutter] AndroidManifest.xml:25:19-70
202            <intent-filter>
202-->[:jpush_flutter] AndroidManifest.xml:26:13-30:29
203                <action android:name="cn.jpush.android.intent.RECEIVE_MESSAGE" />
203-->[:jpush_flutter] AndroidManifest.xml:27:17-82
203-->[:jpush_flutter] AndroidManifest.xml:27:25-79
204
205                <category android:name="com.hacjy.flutter_fast_template" />
205-->[:jpush_flutter] AndroidManifest.xml:22:17-61
205-->[:jpush_flutter] AndroidManifest.xml:22:27-58
206            </intent-filter>
207        </receiver> <!-- Since JCore2.0.0 Required SDK核心功能 -->
208        <!-- 可配置android:process参数将Service放在其他进程中；android:enabled属性不能是false -->
209        <!-- 这个是自定义Service，要继承极光JCommonService，可以在更多手机平台上使得推送通道保持的更稳定 -->
210        <service
210-->[:jpush_flutter] AndroidManifest.xml:35:9-43:19
211            android:name="com.jiguang.jpush.JPushCustomService"
211-->[:jpush_flutter] AndroidManifest.xml:36:13-64
212            android:enabled="true"
212-->[:jpush_flutter] AndroidManifest.xml:37:13-35
213            android:exported="false"
213-->[:jpush_flutter] AndroidManifest.xml:38:13-37
214            android:process=":pushcore" >
214-->[:jpush_flutter] AndroidManifest.xml:39:13-40
215            <intent-filter>
215-->[:jpush_flutter] AndroidManifest.xml:40:13-42:29
216                <action android:name="cn.jiguang.user.service.action" />
216-->[:jpush_flutter] AndroidManifest.xml:41:17-73
216-->[:jpush_flutter] AndroidManifest.xml:41:25-70
217            </intent-filter>
218        </service>
219
220        <provider
220-->[:flutter_webview_plugin] AndroidManifest.xml:9:9-18:20
221            android:name="androidx.core.content.FileProvider"
221-->[:flutter_webview_plugin] AndroidManifest.xml:10:13-62
222            android:authorities="com.hacjy.flutter_fast_template.fileprovider"
222-->[:flutter_webview_plugin] AndroidManifest.xml:11:13-64
223            android:exported="false"
223-->[:flutter_webview_plugin] AndroidManifest.xml:12:13-37
224            android:grantUriPermissions="true" >
224-->[:flutter_webview_plugin] AndroidManifest.xml:13:13-47
225            <meta-data
225-->[:fluwx] AndroidManifest.xml:54:13-56:69
226                android:name="android.support.FILE_PROVIDER_PATHS"
226-->[:fluwx] AndroidManifest.xml:55:17-67
227                android:resource="@xml/filepaths" />
227-->[:fluwx] AndroidManifest.xml:56:17-66
228        </provider>
229
230        <activity
230-->[:flutter_bugly] AndroidManifest.xml:11:9-14:64
231            android:name="com.tencent.bugly.beta.ui.BetaActivity"
231-->[:flutter_bugly] AndroidManifest.xml:12:13-66
232            android:configChanges="keyboardHidden|orientation|screenSize|locale"
232-->[:flutter_bugly] AndroidManifest.xml:13:13-81
233            android:theme="@android:style/Theme.Translucent" />
233-->[:flutter_bugly] AndroidManifest.xml:14:13-61
234        <activity
234-->[:flutter_bugly] AndroidManifest.xml:11:9-14:64
235            android:name="com.tencent.bugly.beta.ui.BetaActivity"
235-->[:flutter_bugly] AndroidManifest.xml:12:13-66
236            android:configChanges="keyboardHidden|orientation|screenSize|locale"
236-->[:flutter_bugly] AndroidManifest.xml:13:13-81
237            android:theme="@android:style/Theme.Translucent" />
237-->[:flutter_bugly] AndroidManifest.xml:14:13-61
238
239        <provider
239-->[:flutter_bugly] AndroidManifest.xml:20:9-28:20
240            android:name="com.tencent.bugly.beta.utils.BuglyFileProvider"
240-->[:flutter_bugly] AndroidManifest.xml:21:13-74
241            android:authorities="com.hacjy.flutter_fast_template.fileProvider"
241-->[:flutter_bugly] AndroidManifest.xml:22:13-64
242            android:exported="false"
242-->[:flutter_bugly] AndroidManifest.xml:23:13-37
243            android:grantUriPermissions="true" >
243-->[:flutter_bugly] AndroidManifest.xml:24:13-47
244            <meta-data
244-->[:fluwx] AndroidManifest.xml:54:13-56:69
245                android:name="android.support.FILE_PROVIDER_PATHS"
245-->[:fluwx] AndroidManifest.xml:55:17-67
246                android:resource="@xml/provider_paths" />
246-->[:fluwx] AndroidManifest.xml:56:17-66
247        </provider>
248
249        <activity
249-->[:url_launcher] AndroidManifest.xml:8:9-11:74
250            android:name="io.flutter.plugins.urllauncher.WebViewActivity"
250-->[:url_launcher] AndroidManifest.xml:9:13-74
251            android:exported="false"
251-->[:url_launcher] AndroidManifest.xml:10:13-37
252            android:theme="@android:style/Theme.NoTitleBar.Fullscreen" /> <!-- Rich push 核心功能 since 2.0.6 -->
252-->[:url_launcher] AndroidManifest.xml:11:13-71
253        <activity
253-->[cn.jiguang.sdk:jpush:3.8.0] AndroidManifest.xml:46:9-57:20
254            android:name="cn.jpush.android.ui.PopWinActivity"
254-->[cn.jiguang.sdk:jpush:3.8.0] AndroidManifest.xml:47:13-62
255            android:exported="true"
255-->[cn.jiguang.sdk:jpush:3.8.0] AndroidManifest.xml:48:13-36
256            android:theme="@style/MyDialogStyle" >
256-->[cn.jiguang.sdk:jpush:3.8.0] AndroidManifest.xml:49:13-49
257            <intent-filter>
257-->[cn.jiguang.sdk:jpush:3.8.0] AndroidManifest.xml:50:13-56:29
258                <category android:name="android.intent.category.DEFAULT" />
258-->src/main/AndroidManifest.xml:99:17-76
258-->src/main/AndroidManifest.xml:99:27-73
259
260                <action android:name="cn.jpush.android.ui.PopWinActivity" />
260-->[cn.jiguang.sdk:jpush:3.8.0] AndroidManifest.xml:53:17-77
260-->[cn.jiguang.sdk:jpush:3.8.0] AndroidManifest.xml:53:25-74
261
262                <category android:name="com.hacjy.flutter_fast_template" />
262-->[:jpush_flutter] AndroidManifest.xml:22:17-61
262-->[:jpush_flutter] AndroidManifest.xml:22:27-58
263            </intent-filter>
264        </activity> <!-- Required SDK核心功能 -->
265        <activity
265-->[cn.jiguang.sdk:jpush:3.8.0] AndroidManifest.xml:60:9-71:20
266            android:name="cn.jpush.android.ui.PushActivity"
266-->[cn.jiguang.sdk:jpush:3.8.0] AndroidManifest.xml:61:13-60
267            android:configChanges="orientation|keyboardHidden"
267-->[cn.jiguang.sdk:jpush:3.8.0] AndroidManifest.xml:62:13-63
268            android:exported="true"
268-->[cn.jiguang.sdk:jpush:3.8.0] AndroidManifest.xml:63:13-36
269            android:theme="@android:style/Theme.NoTitleBar" >
269-->[cn.jiguang.sdk:jpush:3.8.0] AndroidManifest.xml:64:13-60
270            <intent-filter>
270-->[cn.jiguang.sdk:jpush:3.8.0] AndroidManifest.xml:65:13-70:29
271                <action android:name="cn.jpush.android.ui.PushActivity" />
271-->[cn.jiguang.sdk:jpush:3.8.0] AndroidManifest.xml:66:17-75
271-->[cn.jiguang.sdk:jpush:3.8.0] AndroidManifest.xml:66:25-72
272
273                <category android:name="android.intent.category.DEFAULT" />
273-->src/main/AndroidManifest.xml:99:17-76
273-->src/main/AndroidManifest.xml:99:27-73
274                <category android:name="com.hacjy.flutter_fast_template" />
274-->[:jpush_flutter] AndroidManifest.xml:22:17-61
274-->[:jpush_flutter] AndroidManifest.xml:22:27-58
275            </intent-filter>
276        </activity> <!-- Required SDK 核心功能 -->
277        <!-- 可配置android:process参数将PushService放在其他进程中 -->
278        <service
278-->[cn.jiguang.sdk:jpush:3.8.0] AndroidManifest.xml:74:9-85:19
279            android:name="cn.jpush.android.service.PushService"
279-->[cn.jiguang.sdk:jpush:3.8.0] AndroidManifest.xml:75:13-64
280            android:enabled="true"
280-->[cn.jiguang.sdk:jpush:3.8.0] AndroidManifest.xml:76:13-35
281            android:exported="false"
281-->[cn.jiguang.sdk:jpush:3.8.0] AndroidManifest.xml:77:13-37
282            android:process=":pushcore" >
282-->[cn.jiguang.sdk:jpush:3.8.0] AndroidManifest.xml:78:13-40
283            <intent-filter>
283-->[cn.jiguang.sdk:jpush:3.8.0] AndroidManifest.xml:79:13-84:29
284                <action android:name="cn.jpush.android.intent.REGISTER" />
284-->[cn.jiguang.sdk:jpush:3.8.0] AndroidManifest.xml:80:17-75
284-->[cn.jiguang.sdk:jpush:3.8.0] AndroidManifest.xml:80:25-72
285                <action android:name="cn.jpush.android.intent.REPORT" />
285-->[cn.jiguang.sdk:jpush:3.8.0] AndroidManifest.xml:81:17-73
285-->[cn.jiguang.sdk:jpush:3.8.0] AndroidManifest.xml:81:25-70
286                <action android:name="cn.jpush.android.intent.PushService" />
286-->[cn.jiguang.sdk:jpush:3.8.0] AndroidManifest.xml:82:17-78
286-->[cn.jiguang.sdk:jpush:3.8.0] AndroidManifest.xml:82:25-75
287                <action android:name="cn.jpush.android.intent.PUSH_TIME" />
287-->[cn.jiguang.sdk:jpush:3.8.0] AndroidManifest.xml:83:17-76
287-->[cn.jiguang.sdk:jpush:3.8.0] AndroidManifest.xml:83:25-73
288            </intent-filter>
289        </service> <!-- since 1.8.0 option 可选项。用于同一设备中不同应用的JPush服务相互拉起的功能。 -->
290        <!-- 若不启用该功能可删除该组件，或把 enabled 设置成 false ；App 不会被其他 App 拉起，但会拉起其他的 App。 -->
291        <service
291-->[cn.jiguang.sdk:jpush:3.8.0] AndroidManifest.xml:89:9-98:19
292            android:name="cn.jpush.android.service.DaemonService"
292-->[cn.jiguang.sdk:jpush:3.8.0] AndroidManifest.xml:90:13-66
293            android:enabled="true"
293-->[cn.jiguang.sdk:jpush:3.8.0] AndroidManifest.xml:91:13-35
294            android:exported="true" >
294-->[cn.jiguang.sdk:jpush:3.8.0] AndroidManifest.xml:92:13-36
295            <intent-filter>
295-->[cn.jiguang.sdk:jpush:3.8.0] AndroidManifest.xml:93:13-97:29
296                <action android:name="cn.jpush.android.intent.DaemonService" />
296-->[cn.jiguang.sdk:jpush:3.8.0] AndroidManifest.xml:94:17-80
296-->[cn.jiguang.sdk:jpush:3.8.0] AndroidManifest.xml:94:25-77
297
298                <category android:name="com.hacjy.flutter_fast_template" />
298-->[:jpush_flutter] AndroidManifest.xml:22:17-61
298-->[:jpush_flutter] AndroidManifest.xml:22:27-58
299            </intent-filter>
300        </service> <!-- 可选，如果使用静态Activity方式拉起，该组件必须声明 -->
301        <activity
301-->[cn.jiguang.sdk:jpush:3.8.0] AndroidManifest.xml:100:9-111:20
302            android:name="cn.jpush.android.service.DActivity"
302-->[cn.jiguang.sdk:jpush:3.8.0] AndroidManifest.xml:101:13-62
303            android:enabled="true"
303-->[cn.jiguang.sdk:jpush:3.8.0] AndroidManifest.xml:102:13-35
304            android:exported="true"
304-->[cn.jiguang.sdk:jpush:3.8.0] AndroidManifest.xml:103:13-36
305            android:taskAffinity="jpush.custom"